[GFX1-]: PossiblyBrokenSurfaceSharing_UnexpectedAMDGPU
[GFX1-]: PossiblyBrokenSurfaceSharing_UnexpectedAMDGPU
1501163291896	Marionette	INFO	Listening on port 2194
[GFX1-]: PossiblyBrokenSurfaceSharing_UnexpectedAMDGPU
[GFX1-]: PossiblyBrokenSurfaceSharing_UnexpectedAMDGPU
JavaScript error: https://normandy-cloudfront.cdn.mozilla.net/static/bundles/selfrepair.afb53ff18f093e84a458.js, line 6: SyntaxError: missing = in const declaration
1501163374569	addons.productaddons	WARN	Failed downloading via XHR, status: 0, reason: error
1501163374573	addons.productaddons	WARN	Failed downloading via XHR, status: 0, reason: error
nSurfaceSharing_UnexpectedAMDGPU
[GFX1-]: PossiblyBrokenSurfaceSharing_UnexpectedAMDGPU
JavaScript error: https://normandy-cloudfront.cdn.mozilla.net/static/bundles/selfrepair.afb53ff18f093e84a458.js, line 6: SyntaxError: missing = in const declaration
JavaScript error: resource://gre/components/nsUrlClassifierListManager.js, line 483: TypeError: this.tablesData[table] is undefined
[GFX1-]: PossiblyBrokenSurfaceSharing_UnexpectedAMDGPU
[GFX1-]: PossiblyBrokenSurfaceSharing_UnexpectedAMDGPU
1501397340284	Marionette	INFO	Listening on port 1677
[GFX1-]: PossiblyBrokenSurfaceSharing_UnexpectedAMDGPU
[GFX1-]: PossiblyBrokenSurfaceSharing_UnexpectedAMDGPU
JavaScript error: https://normandy-cloudfront.cdn.mozilla.net/static/bundles/selfrepair.afb53ff18f093e84a458.js, line 6: SyntaxError: missing = in const declaration
[Child 4896] WARNING: pipe error: 109: file c:/builds/moz2_slave/m-beta-w32-0000000000000000000/build/src/ipc/chromium/src/chrome/common/ipc_channel_win.cc, line 346
[Child 4896] WARNING: pipe error: 109: file c:/builds/moz2_slave/m-beta-w32-0000000000000000000/build/src/ipc/chromium/src/chrome/common/ipc_channel_win.cc, line 346
a.net/static/bundles/selfrepair.afb53ff18f093e84a458.js, line 6: SyntaxError: missing = in const declaration
[GFX1-]: PossiblyBrokenSurfaceSharing_UnexpectedAMDGPU
[GFX1-]: PossiblyBrokenSurfaceSharing_UnexpectedAMDGPU
1501397614927	Marionette	INFO	Listening on port 1817
[GFX1-]: PossiblyBrokenSurfaceSharing_UnexpectedAMDGPU
[GFX1-]: PossiblyBrokenSurfaceSharing_UnexpectedAMDGPU
JavaScript error: https://normandy-cloudfront.cdn.mozilla.net/static/bundles/selfrepair.afb53ff18f093e84a458.js, line 6: SyntaxError: missing = in const declaration
[Child 7476] WARNING: pipe error: 109: file c:/builds/moz2_slave/m-beta-w32-0000000000000000000/build/src/ipc/chromium/src/chrome/common/ipc_channel_win.cc, line 346
[Child 7476] WARNING: pipe error: 109: file c:/builds/moz2_slave/m-beta-w32-0000000000000000000/build/src/ipc/chromium/src/chrome/common/ipc_channel_win.cc, line 346
a.net/static/bundles/selfrepair.afb53ff18f093e84a458.js, line 6: SyntaxError: missing = in const declaration
[GFX1-]: PossiblyBrokenSurfaceSharing_UnexpectedAMDGPU
[GFX1-]: PossiblyBrokenSurfaceSharing_UnexpectedAMDGPU
1501397881808	Marionette	INFO	Listening on port 1921
[GFX1-]: PossiblyBrokenSurfaceSharing_UnexpectedAMDGPU
[GFX1-]: PossiblyBrokenSurfaceSharing_UnexpectedAMDGPU
JavaScript error: https://normandy-cloudfront.cdn.mozilla.net/static/bundles/selfrepair.afb53ff18f093e84a458.js, line 6: SyntaxError: missing = in const declaration
[Child 5604] WARNING: pipe error: 109: file c:/builds/moz2_slave/m-beta-w32-0000000000000000000/build/src/ipc/chromium/src/chrome/common/ipc_channel_win.cc, line 346
[Child 5604] WARNING: pipe error: 109: file c:/builds/moz2_slave/m-beta-w32-0000000000000000000/build/src/ipc/chromium/src/chrome/common/ipc_channel_win.cc, line 346
